<testsuite failures="0" name="karate/request/DeleteAPet.feature" skipped="0" tests="2" time="0.918831">
  <testcase classname="karate.request.DeleteAPet" name="Delete a pet" time="0.447304">
    <system-out>* url url ................................................................. passed
* def requestBody = read ('classpath:Karate/request/requestDeletesAPet.json') . passed
Given path 'pet', '1' ..................................................... passed
When method DELETE ........................................................ passed
Then status 200 ........................................................... passed</system-out>
  </testcase>
  <testcase classname="karate.request.DeleteAPet" name="Delete a pet" time="0.471527">
    <system-out>* url url ................................................................. passed
* def requestBody = read ('classpath:Karate/request/requestDeletesAPet.json') . passed
Given path 'pet', '1' ..................................................... passed
When method DELETE ........................................................ passed
Then status 200 ........................................................... passed
* url url ................................................................. passed
* def requestBody = read ('classpath:Karate/request/requestDeletesAPet.json') . passed
Given path 'pet', 'joha' .................................................. passed
When method DELETE ........................................................ passed
Then status 404 ........................................................... passed</system-out>
  </testcase>
</testsuite>
