<testsuite failures="0" name="karate/request/updateAnExistingPet.feature" skipped="0" tests="2" time="3.429574">
  <testcase classname="karate.request.updateAnExistingPet" name="Check the service PUT method" time="0.448459">
    <system-out>* url url ................................................................. passed
* request {} .............................................................. passed
Given path 'pet' .......................................................... passed
When method put ........................................................... passed
* def requestBody = read ('classpath:Karate/request/updateAnExistingPet.json') . passed
Then status 200 ........................................................... passed</system-out>
  </testcase>
  <testcase classname="karate.request.updateAnExistingPet" name="Check the service PUT method" time="2.981115">
    <system-out>* url url ................................................................. passed
* request {} .............................................................. passed
Given path 'pet' .......................................................... passed
When method put ........................................................... passed
* def requestBody = read ('classpath:Karate/request/updateAnExistingPet.json') . passed
Then status 200 ........................................................... passed
* url url ................................................................. passed
* request {} .............................................................. passed
Given path 'pet','joha' ................................................... passed
When method put ........................................................... passed
* def requestBody = read ('classpath:Karate/request/updateAnExistingPetinvalid.json') . passed
Then status 405 ........................................................... passed</system-out>
  </testcase>
</testsuite>
