<testsuite failures="0" name="karate/request/createpet.feature" skipped="0" tests="2" time="1.666495">
  <testcase classname="karate.request.createpet" name="add new pet" time="1.219299">
    <system-out>* url url ................................................................. passed
* def requestBody = read ('classpath:Karate/request/requestBodyCreatePet.json') . passed
* def responseBody = read ('classpath:Karate/request/responseCreatePet.json') . passed
Given path 'pet' .......................................................... passed
And request requestBody ................................................... passed
When method post .......................................................... passed
Then status 200 ........................................................... passed
And match response == responseBody ........................................ passed
And assert response.id == requestBody.id .................................. passed
And assert response.category.id ==requestBody.category.id ................. passed</system-out>
  </testcase>
  <testcase classname="karate.request.createpet" name="add pet with invalid data" time="0.447196">
    <system-out>* url url ................................................................. passed
* def requestBody = read ('classpath:Karate/request/requestBodyCreatePet.json') . passed
* def responseBody = read ('classpath:Karate/request/responseCreatePet.json') . passed
Given path 'pet' .......................................................... passed
And request requestBody ................................................... passed
When method post .......................................................... passed
Then status 200 ........................................................... passed
And match response == responseBody ........................................ passed
And assert response.id == requestBody.id .................................. passed
And assert response.category.id ==requestBody.category.id ................. passed
* url url ................................................................. passed
Given path 'pet' .......................................................... passed
* def requestBody = read ('classpath:Karate/request/requestBodyCreatePetinvalid.json') . passed
And request requestBody ................................................... passed
When method post .......................................................... passed
Then status 500 ........................................................... passed</system-out>
  </testcase>
</testsuite>
